[debug] [2017-11-04T05:14:25.501Z] ----------------------------------------------------------------------
[debug] [2017-11-04T05:14:25.504Z] Command:       /Users/lewis/.nvm/versions/node/v6.11.1/bin/node /usr/local/bin/firebase deploy
[debug] [2017-11-04T05:14:25.504Z] CLI Version:   3.13.1
[debug] [2017-11-04T05:14:25.504Z] Platform:      darwin
[debug] [2017-11-04T05:14:25.504Z] Node Version:  v6.11.1
[debug] [2017-11-04T05:14:25.505Z] Time:          Sat Nov 04 2017 15:44:25 GMT+1030 (ACDT)
[debug] [2017-11-04T05:14:25.505Z] ----------------------------------------------------------------------
[debug] 
[debug] [2017-11-04T05:14:25.519Z] > command requires scopes: ["email","openid","https://www.googleapis.com/auth/cloudplatformprojects.readonly","https://www.googleapis.com/auth/firebase","https://www.googleapis.com/auth/cloud-platform"]
[debug] [2017-11-04T05:14:25.519Z] > authorizing via signed-in user
[debug] [2017-11-04T05:14:25.521Z] > refreshing access token with scopes: ["email","https://www.googleapis.com/auth/cloud-platform","https://www.googleapis.com/auth/cloudplatformprojects.readonly","https://www.googleapis.com/auth/firebase","openid"]
[debug] [2017-11-04T05:14:25.521Z] >>> HTTP REQUEST POST https://www.googleapis.com/oauth2/v3/token { refresh_token: '1/3S4_d5VSm8A0BpEWJX8scx-2mQezjYPekR2Jk_lObHFmIWvPFuqza4yco-iOatjR',
  client_id: '563584335869-fgrhgmd47bqnekij5i8b5pr03ho849e6.apps.googleusercontent.com',
  client_secret: 'j9iVZfS8kkCEFUPaAeJV0sAi',
  grant_type: 'refresh_token',
  scope: 'email https://www.googleapis.com/auth/cloud-platform https://www.googleapis.com/auth/cloudplatformprojects.readonly https://www.googleapis.com/auth/firebase openid' } 
 Sat Nov 04 2017 15:44:25 GMT+1030 (ACDT)
[debug] [2017-11-04T05:14:25.822Z] <<< HTTP RESPONSE 200
[debug] [2017-11-04T05:14:25.836Z] >>> HTTP REQUEST GET https://admin.firebase.com/v1/projects/ethereal-accord-184722  
 Sat Nov 04 2017 15:44:25 GMT+1030 (ACDT)
[debug] [2017-11-04T05:14:27.107Z] <<< HTTP RESPONSE 200
[debug] [2017-11-04T05:14:27.108Z] >>> HTTP REQUEST GET https://admin.firebase.com/v1/database/ethereal-accord-184722/tokens  
 Sat Nov 04 2017 15:44:27 GMT+1030 (ACDT)
[debug] [2017-11-04T05:14:27.899Z] <<< HTTP RESPONSE 200
[info] 2
[info] 
[info] === Deploying to 'ethereal-accord-184722'...
[info] 
[info] i  deploying functions, hosting
[debug] [2017-11-04T05:14:30.153Z] > [functions] package.json contents: {
  "name": "functions",
  "description": "Cloud Functions for Firebase",
  "dependencies": {
    "firebase-admin": "^4.1.2",
    "firebase-functions": "^0.5",
    "request": "^2.83.0",
    "request-promise": "^4.2.2"
  },
  "private": true
}
[info] i  functions: ensuring necessary APIs are enabled...
[info] i  runtimeconfig: ensuring necessary APIs are enabled...
[debug] [2017-11-04T05:14:30.154Z] >>> HTTP REQUEST GET https://servicemanagement.googleapis.com/v1/services/cloudfunctions.googleapis.com/projectSettings/ethereal-accord-184722?view=CONSUMER_VIEW  
 Sat Nov 04 2017 15:44:30 GMT+1030 (ACDT)
[debug] [2017-11-04T05:14:30.155Z] >>> HTTP REQUEST GET https://servicemanagement.googleapis.com/v1/services/runtimeconfig.googleapis.com/projectSettings/ethereal-accord-184722?view=CONSUMER_VIEW  
 Sat Nov 04 2017 15:44:30 GMT+1030 (ACDT)
[debug] [2017-11-04T05:14:31.739Z] <<< HTTP RESPONSE 200
[info] ✔  runtimeconfig: all necessary APIs are enabled
[debug] [2017-11-04T05:14:31.756Z] <<< HTTP RESPONSE 200
[info] ✔  functions: all necessary APIs are enabled
[debug] [2017-11-04T05:14:31.757Z] >>> HTTP REQUEST GET https://appengine.googleapis.com/v1/apps/ethereal-accord-184722  
 Sat Nov 04 2017 15:44:31 GMT+1030 (ACDT)
[debug] [2017-11-04T05:14:31.758Z] >>> HTTP REQUEST GET https://apikeys.googleapis.com/v1/projects/ethereal-accord-184722/apiKeys  
 Sat Nov 04 2017 15:44:31 GMT+1030 (ACDT)
[debug] [2017-11-04T05:14:33.116Z] <<< HTTP RESPONSE 200
[debug] [2017-11-04T05:14:34.096Z] <<< HTTP RESPONSE 200
[debug] [2017-11-04T05:14:52.640Z] ----------------------------------------------------------------------
[debug] [2017-11-04T05:14:52.642Z] Command:       /Users/lewis/.nvm/versions/node/v6.11.1/bin/node /usr/local/bin/firebase deploy
[debug] [2017-11-04T05:14:52.643Z] CLI Version:   3.13.1
[debug] [2017-11-04T05:14:52.643Z] Platform:      darwin
[debug] [2017-11-04T05:14:52.643Z] Node Version:  v6.11.1
[debug] [2017-11-04T05:14:52.643Z] Time:          Sat Nov 04 2017 15:44:52 GMT+1030 (ACDT)
[debug] [2017-11-04T05:14:52.643Z] ----------------------------------------------------------------------
[debug] 
[debug] [2017-11-04T05:14:52.658Z] > command requires scopes: ["email","openid","https://www.googleapis.com/auth/cloudplatformprojects.readonly","https://www.googleapis.com/auth/firebase","https://www.googleapis.com/auth/cloud-platform"]
[debug] [2017-11-04T05:14:52.658Z] > authorizing via signed-in user
[debug] [2017-11-04T05:14:52.661Z] >>> HTTP REQUEST GET https://admin.firebase.com/v1/projects/ethereal-accord-184722  
 Sat Nov 04 2017 15:44:52 GMT+1030 (ACDT)
[debug] [2017-11-04T05:14:53.579Z] <<< HTTP RESPONSE 200
[debug] [2017-11-04T05:14:53.580Z] >>> HTTP REQUEST GET https://admin.firebase.com/v1/database/ethereal-accord-184722/tokens  
 Sat Nov 04 2017 15:44:53 GMT+1030 (ACDT)
[debug] [2017-11-04T05:15:28.340Z] ----------------------------------------------------------------------
[debug] [2017-11-04T05:15:28.343Z] Command:       /Users/lewis/.nvm/versions/node/v6.11.1/bin/node /usr/local/bin/firebase deploy
[debug] [2017-11-04T05:15:28.344Z] CLI Version:   3.13.1
[debug] [2017-11-04T05:15:28.344Z] Platform:      darwin
[debug] [2017-11-04T05:15:28.344Z] Node Version:  v6.11.1
[debug] [2017-11-04T05:15:28.344Z] Time:          Sat Nov 04 2017 15:45:28 GMT+1030 (ACDT)
[debug] [2017-11-04T05:15:28.344Z] ----------------------------------------------------------------------
[debug] 
[debug] [2017-11-04T05:15:28.356Z] > command requires scopes: ["email","openid","https://www.googleapis.com/auth/cloudplatformprojects.readonly","https://www.googleapis.com/auth/firebase","https://www.googleapis.com/auth/cloud-platform"]
[debug] [2017-11-04T05:15:28.356Z] > authorizing via signed-in user
[debug] [2017-11-04T05:15:28.359Z] >>> HTTP REQUEST GET https://admin.firebase.com/v1/projects/ethereal-accord-184722  
 Sat Nov 04 2017 15:45:28 GMT+1030 (ACDT)
[debug] [2018-10-29T02:30:37.918Z] ----------------------------------------------------------------------
[debug] [2018-10-29T02:30:37.920Z] Command:       /Users/ldaly/.nvm/versions/node/v8.11.1/bin/node /Users/ldaly/.nvm/versions/node/v8.11.1/bin/firebase
[debug] [2018-10-29T02:30:37.920Z] CLI Version:   4.0.3
[debug] [2018-10-29T02:30:37.920Z] Platform:      darwin
[debug] [2018-10-29T02:30:37.921Z] Node Version:  v8.11.1
[debug] [2018-10-29T02:30:37.921Z] Time:          Mon Oct 29 2018 13:00:37 GMT+1030 (ACDT)
[debug] [2018-10-29T02:30:37.921Z] ----------------------------------------------------------------------
[debug] 
[error] Error: [object Object] is not a Firebase command
[debug] [2018-10-29T02:30:37.926Z] TypeError: str.toLowerCase is not a function
    at didYouMean (/Users/ldaly/.nvm/versions/node/v8.11.1/lib/node_modules/firebase-tools/node_modules/didyoumean/didYouMean-1.2.1.js:147:48)
    at Command.<anonymous> (/Users/ldaly/.nvm/versions/node/v8.11.1/lib/node_modules/firebase-tools/index.js:66:22)
    at Command.listener (/Users/ldaly/.nvm/versions/node/v8.11.1/lib/node_modules/firebase-tools/node_modules/commander/index.js:315:8)
    at emitNone (events.js:106:13)
    at Command.emit (events.js:208:7)
    at Command.parseArgs (/Users/ldaly/.nvm/versions/node/v8.11.1/lib/node_modules/firebase-tools/node_modules/commander/index.js:664:12)
    at Command.parse (/Users/ldaly/.nvm/versions/node/v8.11.1/lib/node_modules/firebase-tools/node_modules/commander/index.js:474:21)
    at Object.<anonymous> (/Users/ldaly/.nvm/versions/node/v8.11.1/lib/node_modules/firebase-tools/bin/firebase:95:20)
    at Module._compile (module.js:652:30)
    at Object.Module._extensions..js (module.js:663:10)
[error] 
[error] Error: An unexpected error has occurred.
